<?xml version="1.0" encoding="UTF-8" ?>
<testsuites disabled="0" errors="0" failures="0" tests="5" time="3.936">
 <testsuite name="Checking the Weather API" timestamp="2018-06-11T17:01:17" hostname="localhost" time="3.936" errors="0" tests="5" skipped="0" disabled="0" failures="0">
  <testcase classname="Checking the Weather API" name="should search for San Francisco" time="0.404" />
  <testcase classname="Checking the Weather API" name="should search for Bucharest" time="0.153" />
  <testcase classname="Checking the Weather API" name="coordinates should return city San Francisco" time="0.458" />
  <testcase classname="Checking the Weather API" name="should return current date weather for San Francisco" time="1.826" />
  <testcase classname="Checking the Weather API" name="should return weather for 17-05-2017 at 14:26 for Bucharest" time="1.084" />
 </testsuite>
</testsuites>